
> temp-docs@0.0.0 build
> docusaurus build

[WARNING] The `siteConfig.onBrokenMarkdownLinks` config option is deprecated and will be removed in Docusaurus v4.
Please migrate and move this option to `siteConfig.markdown.hooks.onBrokenMarkdownLinks` instead.
[INFO] [es] Creating an optimized production build...
[WARNING] The `siteConfig.onBrokenMarkdownLinks` config option is deprecated and will be removed in Docusaurus v4.
Please migrate and move this option to `siteConfig.markdown.hooks.onBrokenMarkdownLinks` instead.
[90m[[90mwebpackbar[90m][39m [36mÔä╣[39m Compiling Client
[90m[[90mwebpackbar[90m][39m [36mÔä╣[39m Compiling Server
[90m[[90mwebpackbar[90m][39m [32mÔ£ö[39m Server: Compiled successfully in 10.61s
[90m[[90mwebpackbar[90m][39m [32mÔ£ö[39m Client: Compiled with some errors in 26.47s
[ERROR] Client bundle compiled with errors therefore further build is impossible.
Error: MDX compilation failed for file "C:\Users\nahue\Desktop\Finales_ALC_IA\docs\ALC\demostraciones\cambio_base.md"
Cause: Unexpected character `-` (U+002D) before name, expected a character that can start a name, such as a letter, `$`, or `_`
Details:
{
  "column": 5,
  "file": "",
  "message": "Unexpected character `-` (U+002D) before name, expected a character that can start a name, such as a letter, `$`, or `_`",
  "line": 66,
  "name": "66:5",
  "place": {
    "_bufferIndex": 4,
    "_index": 0,
    "line": 66,
    "column": 5,
    "offset": 2580
  },
  "reason": "Unexpected character `-` (U+002D) before name, expected a character that can start a name, such as a letter, `$`, or `_`",
  "ruleId": "unexpected-character",
  "source": "micromark-extension-mdx-jsx",
  "url": "https://github.com/micromark/micromark-extension-mdx-jsx#unexpected-character-at-expected-expect"
}

--------------------------

Error: MDX compilation failed for file "C:\Users\nahue\Desktop\Finales_ALC_IA\docs\ALC\demostraciones\equivalencia_normas_matriciales_1_2.md"
Cause: Unexpected character `-` (U+002D) before name, expected a character that can start a name, such as a letter, `$`, or `_`
Details:
{
  "column": 5,
  "file": "",
  "message": "Unexpected character `-` (U+002D) before name, expected a character that can start a name, such as a letter, `$`, or `_`",
  "line": 72,
  "name": "72:5",
  "place": {
    "_bufferIndex": 4,
    "_index": 0,
    "line": 72,
    "column": 5,
    "offset": 1935
  },
  "reason": "Unexpected character `-` (U+002D) before name, expected a character that can start a name, such as a letter, `$`, or `_`",
  "ruleId": "unexpected-character",
  "source": "micromark-extension-mdx-jsx",
  "url": "https://github.com/micromark/micromark-extension-mdx-jsx#unexpected-character-at-expected-expect"
}

--------------------------

Error: MDX compilation failed for file "C:\Users\nahue\Desktop\Finales_ALC_IA\docs\ALC\demostraciones\equivalencia_normas_matriciales_2_inf.md"
Cause: Unexpected character `-` (U+002D) before name, expected a character that can start a name, such as a letter, `$`, or `_`
Details:
{
  "column": 5,
  "file": "",
  "message": "Unexpected character `-` (U+002D) before name, expected a character that can start a name, such as a letter, `$`, or `_`",
  "line": 84,
  "name": "84:5",
  "place": {
    "_bufferIndex": 4,
    "_index": 0,
    "line": 84,
    "column": 5,
    "offset": 2560
  },
  "reason": "Unexpected character `-` (U+002D) before name, expected a character that can start a name, such as a letter, `$`, or `_`",
  "ruleId": "unexpected-character",
  "source": "micromark-extension-mdx-jsx",
  "url": "https://github.com/micromark/micromark-extension-mdx-jsx#unexpected-character-at-expected-expect"
}

--------------------------

Error: MDX compilation failed for file "C:\Users\nahue\Desktop\Finales_ALC_IA\docs\ALC\demostraciones\equivalencia_normas_1_2.md"
Cause: Unexpected character `-` (U+002D) before name, expected a character that can start a name, such as a letter, `$`, or `_`
Details:
{
  "column": 5,
  "file": "",
  "message": "Unexpected character `-` (U+002D) before name, expected a character that can start a name, such as a letter, `$`, or `_`",
  "line": 75,
  "name": "75:5",
  "place": {
    "_bufferIndex": 4,
    "_index": 0,
    "line": 75,
    "column": 5,
    "offset": 1994
  },
  "reason": "Unexpected character `-` (U+002D) before name, expected a character that can start a name, such as a letter, `$`, or `_`",
  "ruleId": "unexpected-character",
  "source": "micromark-extension-mdx-jsx",
  "url": "https://github.com/micromark/micromark-extension-mdx-jsx#unexpected-character-at-expected-expect"
}

--------------------------

Error: MDX compilation failed for file "C:\Users\nahue\Desktop\Finales_ALC_IA\docs\ALC\demostraciones\equivalencia_normas_2_inf.md"
Cause: Unexpected character `-` (U+002D) before name, expected a character that can start a name, such as a letter, `$`, or `_`
Details:
{
  "column": 5,
  "file": "",
  "message": "Unexpected character `-` (U+002D) before name, expected a character that can start a name, such as a letter, `$`, or `_`",
  "line": 76,
  "name": "76:5",
  "place": {
    "_bufferIndex": 4,
    "_index": 0,
    "line": 76,
    "column": 5,
    "offset": 2130
  },
  "reason": "Unexpected character `-` (U+002D) before name, expected a character that can start a name, such as a letter, `$`, or `_`",
  "ruleId": "unexpected-character",
  "source": "micromark-extension-mdx-jsx",
  "url": "https://github.com/micromark/micromark-extension-mdx-jsx#unexpected-character-at-expected-expect"
}

--------------------------

Error: MDX compilation failed for file "C:\Users\nahue\Desktop\Finales_ALC_IA\docs\ALC\demostraciones\independencia_pivotes.md"
Cause: Unexpected character `-` (U+002D) before name, expected a character that can start a name, such as a letter, `$`, or `_`
Details:
{
  "column": 5,
  "file": "",
  "message": "Unexpected character `-` (U+002D) before name, expected a character that can start a name, such as a letter, `$`, or `_`",
  "line": 57,
  "name": "57:5",
  "place": {
    "_bufferIndex": 4,
    "_index": 0,
    "line": 57,
    "column": 5,
    "offset": 2979
  },
  "reason": "Unexpected character `-` (U+002D) before name, expected a character that can start a name, such as a letter, `$`, or `_`",
  "ruleId": "unexpected-character",
  "source": "micromark-extension-mdx-jsx",
  "url": "https://github.com/micromark/micromark-extension-mdx-jsx#unexpected-character-at-expected-expect"
}

--------------------------

Error: MDX compilation failed for file "C:\Users\nahue\Desktop\Finales_ALC_IA\docs\ALC\demostraciones\numero_condicion_svd.md"
Cause: Could not parse expression with acorn
Details:
{
  "cause": {
    "pos": 3383,
    "loc": {
      "line": 88,
      "column": 22
    },
    "raisedAt": 1
  },
  "column": 23,
  "file": "",
  "message": "Could not parse expression with acorn",
  "line": 88,
  "name": "88:23",
  "place": {
    "line": 88,
    "column": 23,
    "offset": 3383
  },
  "reason": "Could not parse expression with acorn",
  "ruleId": "acorn",
  "source": "micromark-extension-mdx-expression",
  "url": "https://github.com/micromark/micromark-extension-mdx-expression/tree/main/packages/micromark-extension-mdx-expression#could-not-parse-expression-with-acorn"
}

--------------------------

Error: MDX compilation failed for file "C:\Users\nahue\Desktop\Finales_ALC_IA\docs\ALC\demostraciones\proyector_simetria_ortogonalidad.md"
Cause: Unexpected character `-` (U+002D) before name, expected a character that can start a name, such as a letter, `$`, or `_`
Details:
{
  "column": 5,
  "file": "",
  "message": "Unexpected character `-` (U+002D) before name, expected a character that can start a name, such as a letter, `$`, or `_`",
  "line": 64,
  "name": "64:5",
  "place": {
    "_bufferIndex": 4,
    "_index": 0,
    "line": 64,
    "column": 5,
    "offset": 2982
  },
  "reason": "Unexpected character `-` (U+002D) before name, expected a character that can start a name, such as a letter, `$`, or `_`",
  "ruleId": "unexpected-character",
  "source": "micromark-extension-mdx-jsx",
  "url": "https://github.com/micromark/micromark-extension-mdx-jsx#unexpected-character-at-expected-expect"
}

--------------------------

Error: MDX compilation failed for file "C:\Users\nahue\Desktop\Finales_ALC_IA\docs\ALC\finales\Examen_2025_08_07\01_proyector\teoria.md"
Cause: Unexpected character `-` (U+002D) before name, expected a character that can start a name, such as a letter, `$`, or `_`
Details:
{
  "column": 5,
  "file": "",
  "message": "Unexpected character `-` (U+002D) before name, expected a character that can start a name, such as a letter, `$`, or `_`",
  "line": 249,
  "name": "249:5",
  "place": {
    "_bufferIndex": 4,
    "_index": 0,
    "line": 249,
    "column": 5,
    "offset": 14358
  },
  "reason": "Unexpected character `-` (U+002D) before name, expected a character that can start a name, such as a letter, `$`, or `_`",
  "ruleId": "unexpected-character",
  "source": "micromark-extension-mdx-jsx",
  "url": "https://github.com/micromark/micromark-extension-mdx-jsx#unexpected-character-at-expected-expect"
}

--------------------------

Error: MDX compilation failed for file "C:\Users\nahue\Desktop\Finales_ALC_IA\docs\ALC\finales\Examen_2025_08_07\02_markov\teoria.md"
Cause: Unexpected character `-` (U+002D) before name, expected a character that can start a name, such as a letter, `$`, or `_`
Details:
{
  "column": 5,
  "file": "",
  "message": "Unexpected character `-` (U+002D) before name, expected a character that can start a name, such as a letter, `$`, or `_`",
  "line": 142,
  "name": "142:5",
  "place": {
    "_bufferIndex": 4,
    "_index": 0,
    "line": 142,
    "column": 5,
    "offset": 7711
  },
  "reason": "Unexpected character `-` (U+002D) before name, expected a character that can start a name, such as a letter, `$`, or `_`",
  "ruleId": "unexpected-character",
  "source": "micromark-extension-mdx-jsx",
  "url": "https://github.com/micromark/micromark-extension-mdx-jsx#unexpected-character-at-expected-expect"
}

--------------------------

Error: MDX compilation failed for file "C:\Users\nahue\Desktop\Finales_ALC_IA\docs\ALC\finales\Examen_2025_08_07\03_cuadrados_minimos\teoria.md"
Cause: Unexpected character `-` (U+002D) before name, expected a character that can start a name, such as a letter, `$`, or `_`
Details:
{
  "column": 5,
  "file": "",
  "message": "Unexpected character `-` (U+002D) before name, expected a character that can start a name, such as a letter, `$`, or `_`",
  "line": 54,
  "name": "54:5",
  "place": {
    "_bufferIndex": 4,
    "_index": 0,
    "line": 54,
    "column": 5,
    "offset": 4205
  },
  "reason": "Unexpected character `-` (U+002D) before name, expected a character that can start a name, such as a letter, `$`, or `_`",
  "ruleId": "unexpected-character",
  "source": "micromark-extension-mdx-jsx",
  "url": "https://github.com/micromark/micromark-extension-mdx-jsx#unexpected-character-at-expected-expect"
}

--------------------------

Error: MDX compilation failed for file "C:\Users\nahue\Desktop\Finales_ALC_IA\docs\ALC\finales\Examen_2025_08_07\04_numero_condicion\teoria.md"
Cause: Unexpected character `-` (U+002D) before name, expected a character that can start a name, such as a letter, `$`, or `_`
Details:
{
  "column": 5,
  "file": "",
  "message": "Unexpected character `-` (U+002D) before name, expected a character that can start a name, such as a letter, `$`, or `_`",
  "line": 131,
  "name": "131:5",
  "place": {
    "_bufferIndex": 4,
    "_index": 0,
    "line": 131,
    "column": 5,
    "offset": 6272
  },
  "reason": "Unexpected character `-` (U+002D) before name, expected a character that can start a name, such as a letter, `$`, or `_`",
  "ruleId": "unexpected-character",
  "source": "micromark-extension-mdx-jsx",
  "url": "https://github.com/micromark/micromark-extension-mdx-jsx#unexpected-character-at-expected-expect"
}

--------------------------

Error: MDX compilation failed for file "C:\Users\nahue\Desktop\Finales_ALC_IA\docs\ALC\finales\Examen_2025_08_07\05_descomposicion_lu\teoria.md"
Cause: Unexpected character `-` (U+002D) before name, expected a character that can start a name, such as a letter, `$`, or `_`
Details:
{
  "column": 5,
  "file": "",
  "message": "Unexpected character `-` (U+002D) before name, expected a character that can start a name, such as a letter, `$`, or `_`",
  "line": 100,
  "name": "100:5",
  "place": {
    "_bufferIndex": 4,
    "_index": 0,
    "line": 100,
    "column": 5,
    "offset": 5150
  },
  "reason": "Unexpected character `-` (U+002D) before name, expected a character that can start a name, such as a letter, `$`, or `_`",
  "ruleId": "unexpected-character",
  "source": "micromark-extension-mdx-jsx",
  "url": "https://github.com/micromark/micromark-extension-mdx-jsx#unexpected-character-at-expected-expect"
}

--------------------------

Error: MDX compilation failed for file "C:\Users\nahue\Desktop\Finales_ALC_IA\docs\ALC\finales\Examen_2026_02_25\02_qr_svd\teoria.md"
Cause: Unexpected character `-` (U+002D) before name, expected a character that can start a name, such as a letter, `$`, or `_`
Details:
{
  "column": 5,
  "file": "",
  "message": "Unexpected character `-` (U+002D) before name, expected a character that can start a name, such as a letter, `$`, or `_`",
  "line": 53,
  "name": "53:5",
  "place": {
    "_bufferIndex": 4,
    "_index": 0,
    "line": 53,
    "column": 5,
    "offset": 1616
  },
  "reason": "Unexpected character `-` (U+002D) before name, expected a character that can start a name, such as a letter, `$`, or `_`",
  "ruleId": "unexpected-character",
  "source": "micromark-extension-mdx-jsx",
  "url": "https://github.com/micromark/micromark-extension-mdx-jsx#unexpected-character-at-expected-expect"
}

--------------------------

Error: MDX compilation failed for file "C:\Users\nahue\Desktop\Finales_ALC_IA\docs\ALC\finales\Examen_2026_02_25\03_cuadrados_minimos\teoria.md"
Cause: Unexpected character `-` (U+002D) before name, expected a character that can start a name, such as a letter, `$`, or `_`
Details:
{
  "column": 5,
  "file": "",
  "message": "Unexpected character `-` (U+002D) before name, expected a character that can start a name, such as a letter, `$`, or `_`",
  "line": 55,
  "name": "55:5",
  "place": {
    "_bufferIndex": 4,
    "_index": 0,
    "line": 55,
    "column": 5,
    "offset": 2237
  },
  "reason": "Unexpected character `-` (U+002D) before name, expected a character that can start a name, such as a letter, `$`, or `_`",
  "ruleId": "unexpected-character",
  "source": "micromark-extension-mdx-jsx",
  "url": "https://github.com/micromark/micromark-extension-mdx-jsx#unexpected-character-at-expected-expect"
}

--------------------------

Error: MDX compilation failed for file "C:\Users\nahue\Desktop\Finales_ALC_IA\docs\ALC\finales\Examen_2026_02_25\04_factorizacion_lu\teoria.md"
Cause: Unexpected character `-` (U+002D) before name, expected a character that can start a name, such as a letter, `$`, or `_`
Details:
{
  "column": 5,
  "file": "",
  "message": "Unexpected character `-` (U+002D) before name, expected a character that can start a name, such as a letter, `$`, or `_`",
  "line": 49,
  "name": "49:5",
  "place": {
    "_bufferIndex": 4,
    "_index": 0,
    "line": 49,
    "column": 5,
    "offset": 1784
  },
  "reason": "Unexpected character `-` (U+002D) before name, expected a character that can start a name, such as a letter, `$`, or `_`",
  "ruleId": "unexpected-character",
  "source": "micromark-extension-mdx-jsx",
  "url": "https://github.com/micromark/micromark-extension-mdx-jsx#unexpected-character-at-expected-expect"
}
