
> temp-docs@0.0.0 build
> docusaurus build

[WARNING] The `siteConfig.onBrokenMarkdownLinks` config option is deprecated and will be removed in Docusaurus v4.
Please migrate and move this option to `siteConfig.markdown.hooks.onBrokenMarkdownLinks` instead.
[INFO] [es] Creating an optimized production build...
[WARNING] The `siteConfig.onBrokenMarkdownLinks` config option is deprecated and will be removed in Docusaurus v4.
Please migrate and move this option to `siteConfig.markdown.hooks.onBrokenMarkdownLinks` instead.
[90m[[90mwebpackbar[90m][39m [36mÔä╣[39m Compiling Client
[90m[[90mwebpackbar[90m][39m [36mÔä╣[39m Compiling Server
[90m[[90mwebpackbar[90m][39m [32mÔ£ö[39m Server: Compiled successfully in 10.36s
[90m[[90mwebpackbar[90m][39m [32mÔ£ö[39m Client: Compiled with some errors in 24.60s
[ERROR] Client bundle compiled with errors therefore further build is impossible.
Error: MDX compilation failed for file "C:\Users\nahue\Desktop\Finales_ALC_IA\docs\ALC\demostraciones\numero_condicion_svd.md"
Cause: Could not parse expression with acorn
Details:
{
  "cause": {
    "pos": 3383,
    "loc": {
      "line": 88,
      "column": 22
    },
    "raisedAt": 1
  },
  "column": 23,
  "file": "",
  "message": "Could not parse expression with acorn",
  "line": 88,
  "name": "88:23",
  "place": {
    "line": 88,
    "column": 23,
    "offset": 3383
  },
  "reason": "Could not parse expression with acorn",
  "ruleId": "acorn",
  "source": "micromark-extension-mdx-expression",
  "url": "https://github.com/micromark/micromark-extension-mdx-expression/tree/main/packages/micromark-extension-mdx-expression#could-not-parse-expression-with-acorn"
}
